Starting new one
Inside (0,0)
Inside (1,0)
Inside (2,0)
Inside (3,0)
Inside (3,1)
Inside (3,2)
Inside (3,3)
Inside (3,4)
Inside (3,5)
Inside (3,6)
Inside (3,7)
At (3,7) we have D:0 and R:0
	Letters us d
At (3,5) we have D:0 and R:0
	Letters us u
At (3,3) we have D:0 and R:0
	Letters us t
At (3,1) we have D:0 and R:0
	Letters us u
Inside (2,1)
Inside (2,2)
Inside (2,3)
Inside (2,4)
Inside (2,5)
Inside (2,6)
Inside (2,7)
Inside (1,1)
Inside (1,2)
Inside (1,3)
Inside (1,4)
Inside (1,5)
Inside (1,6)
Inside (1,7)
At (1,5) we have D:0 and R:0
	Letters us t
At (1,3) we have D:0 and R:0
	Letters us u
At (1,1) we have D:0 and R:0
	Letters us t
Inside (0,1)
Inside (0,2)
Inside (0,3)
Inside (0,4)
Inside (0,5)
Inside (0,6)
Inside (0,7)
We have 1 d
We have 3 t
We have 3 u
Starting new one
Inside (0,0)
Inside (1,0)
Inside (2,0)
Inside (3,0)
Inside (4,0)
Inside (5,0)
Inside (6,0)
Inside (7,0)
Inside (8,0)
Inside (8,1)
Inside (8,2)
Inside (8,3)
Inside (8,4)
Inside (8,5)
Inside (8,6)
Inside (8,7)
Inside (8,8)
At (8,8) we have D:0 and R:0
	Letters us b
Inside (7,1)
Inside (7,2)
Inside (7,3)
Inside (7,4)
Inside (7,5)
Inside (7,6)
Inside (7,7)
Inside (7,8)
At (7,7) we have D:0 and R:0
	Letters us a
Inside (6,1)
Inside (6,2)
Inside (6,3)
Inside (6,4)
Inside (6,5)
Inside (6,6)
Inside (6,7)
Inside (6,8)
At (6,6) we have D:0 and R:0
	Letters us c
Inside (5,1)
Inside (5,2)
Inside (5,3)
Inside (5,4)
Inside (5,5)
Inside (5,6)
Inside (5,7)
Inside (5,8)
At (5,5) we have D:0 and R:0
	Letters us b
Inside (4,1)
Inside (4,2)
Inside (4,3)
Inside (4,4)
Inside (4,5)
Inside (4,6)
Inside (4,7)
Inside (4,8)
Inside (3,1)
Inside (3,2)
Inside (3,3)
Inside (3,4)
Inside (3,5)
Inside (3,6)
Inside (3,7)
Inside (3,8)
At (3,5) we have D:0 and R:0
	Letters us a
Inside (2,1)
Inside (2,2)
Inside (2,3)
Inside (2,4)
Inside (2,5)
Inside (2,6)
Inside (2,7)
Inside (2,8)
At (2,6) we have D:0 and R:0
	Letters us b
Inside (1,1)
Inside (1,2)
Inside (1,3)
Inside (1,4)
Inside (1,5)
Inside (1,6)
Inside (1,7)
Inside (1,8)
Inside (0,1)
Inside (0,2)
Inside (0,3)
Inside (0,4)
Inside (0,5)
Inside (0,6)
Inside (0,7)
Inside (0,8)
We have 2 a
We have 3 b
We have 1 c
